2024-12-10 09:45:21 - INFO - Start Test
2024-12-10 09:45:22 - INFO - Entered Email : admin@admin.com
2024-12-10 09:45:22 - INFO - Entered Password : admin123
2024-12-10 09:45:22 - INFO - Clicked Submit
2024-12-10 09:45:22 - INFO - End Test
2024-12-10 09:45:22 - INFO - Scroll Ke Element yang di tentukan
2024-12-10 09:45:22 - INFO - Menambahkan Handphone ke Cart
2024-12-10 09:45:22 - INFO - Menambahkan Handphone ke Cart
2024-12-10 09:45:22 - INFO - Scroll Ke Halaman Paling Atas
2024-12-10 09:45:26 - INFO - Both items successfully added to cart
2024-12-10 16:20:30 - INFO - Start Test
2024-12-10 16:20:30 - INFO - Entered Email : admin@admin.com
2024-12-10 16:20:30 - INFO - Entered Password : admin123
2024-12-10 16:20:31 - INFO - Clicked Submit
2024-12-10 16:20:31 - INFO - End Test
2024-12-10 16:20:31 - INFO - Scroll Ke Element yang di tentukan
2024-12-10 16:20:31 - INFO - Menambahkan Handphone ke Cart
2024-12-10 16:20:31 - INFO - Menambahkan Handphone ke Cart
2024-12-10 16:20:31 - INFO - Scroll Ke Halaman Paling Atas
2024-12-10 16:20:34 - INFO - Both items successfully added to cart
